############################################
# Intelligent Queueing System ( HPC Korea) #
############################################

2025-08-29 15:31:17,670 [INFO] [data_check] === Environment ===
2025-08-29 15:31:17,670 [INFO] [data_check] Host       : anode11
2025-08-29 15:31:17,670 [INFO] [data_check] Python     : 3.12.0
2025-08-29 15:31:17,670 [INFO] [data_check] Torch      : 2.6.0+cu124
2025-08-29 15:31:17,686 [INFO] [data_check] CUDA avail : True
2025-08-29 15:31:17,687 [INFO] [data_check] Project    : /caefs/user/mmingyeong/2508_slchallence
2025-08-29 15:31:17,687 [INFO] [data_check] Src dir    : /caefs/user/mmingyeong/2508_slchallence/src
2025-08-29 15:31:17,687 [INFO] [data_check] Workers    : 8
2025-08-29 15:31:20,236 [INFO] [data_loader] Collected 250000 from 'slsim_lenses' (/caefs/data/IllustrisTNG/slchallenge/slsim_lenses/slsim_lenses), label=1, domain=slsim
2025-08-29 15:31:20,919 [INFO] [data_loader] Collected 250000 from 'slsim_nonlenses' (/caefs/data/IllustrisTNG/slchallenge/slsim_nonlenses/slsim_nonlenses), label=0, domain=slsim
2025-08-29 15:31:21,590 [INFO] [data_loader] Collected 250000 from 'hsc_lenses' (/caefs/data/IllustrisTNG/slchallenge/hsc_lenses/hsc_lenses), label=1, domain=hsc
2025-08-29 15:31:22,247 [INFO] [data_loader] Collected 250000 from 'hsc_nonlenses' (/caefs/data/IllustrisTNG/slchallenge/hsc_nonlenses/hsc_nonlenses), label=0, domain=hsc
2025-08-29 15:31:22,248 [INFO] [data_loader] TOTAL files collected: 1000000
2025-08-29 15:31:22,327 [INFO] [data_check] === Collected files ===
2025-08-29 15:31:22,327 [INFO] [data_loader] === Collected files ===
2025-08-29 15:31:22,329 [INFO] [data_check] TOTAL files  : 1000000
2025-08-29 15:31:22,329 [INFO] [data_loader] TOTAL files  : 1000000
2025-08-29 15:31:22,330 [INFO] [data_check] Labels count : {1: 500000, 0: 500000}
2025-08-29 15:31:22,330 [INFO] [data_loader] Labels count : {1: 500000, 0: 500000}
2025-08-29 15:31:22,330 [INFO] [data_check] Domains count: {'slsim': 500000, 'hsc': 500000}
2025-08-29 15:31:22,330 [INFO] [data_loader] Domains count: {'slsim': 500000, 'hsc': 500000}
2025-08-29 15:31:22,330 [INFO] [data_check] === Scanning subset for corruption ===
2025-08-29 15:31:22,330 [INFO] [data_loader] === Scanning subset for corruption ===
2025-08-29 15:31:22,330 [INFO] [data_check] Scan subset : 1000000 (of 1000000)
2025-08-29 15:31:22,330 [INFO] [data_loader] Scan subset : 1000000 (of 1000000)
2025-08-29 15:32:06,951 [INFO] [data_check]  scanned 5000/1000000 ...
2025-08-29 15:32:06,951 [INFO] [data_loader]  scanned 5000/1000000 ...
2025-08-29 15:32:35,629 [INFO] [data_check]  scanned 10000/1000000 ...
2025-08-29 15:32:35,629 [INFO] [data_loader]  scanned 10000/1000000 ...
2025-08-29 15:33:03,711 [INFO] [data_check]  scanned 15000/1000000 ...
2025-08-29 15:33:03,711 [INFO] [data_loader]  scanned 15000/1000000 ...
2025-08-29 15:33:31,799 [INFO] [data_check]  scanned 20000/1000000 ...
2025-08-29 15:33:31,799 [INFO] [data_loader]  scanned 20000/1000000 ...
2025-08-29 15:33:59,498 [INFO] [data_check]  scanned 25000/1000000 ...
2025-08-29 15:33:59,498 [INFO] [data_loader]  scanned 25000/1000000 ...
2025-08-29 15:34:27,758 [INFO] [data_check]  scanned 30000/1000000 ...
2025-08-29 15:34:27,758 [INFO] [data_loader]  scanned 30000/1000000 ...
2025-08-29 15:34:56,432 [INFO] [data_check]  scanned 35000/1000000 ...
2025-08-29 15:34:56,432 [INFO] [data_loader]  scanned 35000/1000000 ...
2025-08-29 15:35:24,920 [INFO] [data_check]  scanned 40000/1000000 ...
2025-08-29 15:35:24,920 [INFO] [data_loader]  scanned 40000/1000000 ...
2025-08-29 15:35:53,359 [INFO] [data_check]  scanned 45000/1000000 ...
2025-08-29 15:35:53,359 [INFO] [data_loader]  scanned 45000/1000000 ...
2025-08-29 15:36:21,978 [INFO] [data_check]  scanned 50000/1000000 ...
2025-08-29 15:36:21,978 [INFO] [data_loader]  scanned 50000/1000000 ...
2025-08-29 15:36:50,656 [INFO] [data_check]  scanned 55000/1000000 ...
2025-08-29 15:36:50,656 [INFO] [data_loader]  scanned 55000/1000000 ...
2025-08-29 15:37:19,254 [INFO] [data_check]  scanned 60000/1000000 ...
2025-08-29 15:37:19,254 [INFO] [data_loader]  scanned 60000/1000000 ...
2025-08-29 15:37:48,005 [INFO] [data_check]  scanned 65000/1000000 ...
2025-08-29 15:37:48,005 [INFO] [data_loader]  scanned 65000/1000000 ...
2025-08-29 15:38:16,604 [INFO] [data_check]  scanned 70000/1000000 ...
2025-08-29 15:38:16,604 [INFO] [data_loader]  scanned 70000/1000000 ...
2025-08-29 15:38:44,862 [INFO] [data_check]  scanned 75000/1000000 ...
2025-08-29 15:38:44,862 [INFO] [data_loader]  scanned 75000/1000000 ...
2025-08-29 15:39:13,638 [INFO] [data_check]  scanned 80000/1000000 ...
2025-08-29 15:39:13,638 [INFO] [data_loader]  scanned 80000/1000000 ...
2025-08-29 15:39:42,552 [INFO] [data_check]  scanned 85000/1000000 ...
2025-08-29 15:39:42,552 [INFO] [data_loader]  scanned 85000/1000000 ...
2025-08-29 15:40:10,723 [INFO] [data_check]  scanned 90000/1000000 ...
2025-08-29 15:40:10,723 [INFO] [data_loader]  scanned 90000/1000000 ...
2025-08-29 15:40:37,744 [INFO] [data_check]  scanned 95000/1000000 ...
2025-08-29 15:40:37,744 [INFO] [data_loader]  scanned 95000/1000000 ...
2025-08-29 15:41:05,338 [INFO] [data_check]  scanned 100000/1000000 ...
2025-08-29 15:41:05,338 [INFO] [data_loader]  scanned 100000/1000000 ...
2025-08-29 15:41:33,160 [INFO] [data_check]  scanned 105000/1000000 ...
2025-08-29 15:41:33,160 [INFO] [data_loader]  scanned 105000/1000000 ...
2025-08-29 15:42:01,546 [INFO] [data_check]  scanned 110000/1000000 ...
2025-08-29 15:42:01,546 [INFO] [data_loader]  scanned 110000/1000000 ...
2025-08-29 15:42:29,604 [INFO] [data_check]  scanned 115000/1000000 ...
2025-08-29 15:42:29,604 [INFO] [data_loader]  scanned 115000/1000000 ...
2025-08-29 15:42:58,350 [INFO] [data_check]  scanned 120000/1000000 ...
2025-08-29 15:42:58,350 [INFO] [data_loader]  scanned 120000/1000000 ...
2025-08-29 15:43:26,704 [INFO] [data_check]  scanned 125000/1000000 ...
2025-08-29 15:43:26,704 [INFO] [data_loader]  scanned 125000/1000000 ...
2025-08-29 15:43:55,276 [INFO] [data_check]  scanned 130000/1000000 ...
2025-08-29 15:43:55,276 [INFO] [data_loader]  scanned 130000/1000000 ...
2025-08-29 15:44:24,197 [INFO] [data_check]  scanned 135000/1000000 ...
2025-08-29 15:44:24,197 [INFO] [data_loader]  scanned 135000/1000000 ...
2025-08-29 15:44:52,649 [INFO] [data_check]  scanned 140000/1000000 ...
2025-08-29 15:44:52,649 [INFO] [data_loader]  scanned 140000/1000000 ...
2025-08-29 15:45:21,429 [INFO] [data_check]  scanned 145000/1000000 ...
2025-08-29 15:45:21,429 [INFO] [data_loader]  scanned 145000/1000000 ...
2025-08-29 15:45:50,171 [INFO] [data_check]  scanned 150000/1000000 ...
2025-08-29 15:45:50,171 [INFO] [data_loader]  scanned 150000/1000000 ...
2025-08-29 15:46:18,267 [INFO] [data_check]  scanned 155000/1000000 ...
2025-08-29 15:46:18,267 [INFO] [data_loader]  scanned 155000/1000000 ...
2025-08-29 15:46:46,738 [INFO] [data_check]  scanned 160000/1000000 ...
2025-08-29 15:46:46,738 [INFO] [data_loader]  scanned 160000/1000000 ...
2025-08-29 15:47:15,001 [INFO] [data_check]  scanned 165000/1000000 ...
2025-08-29 15:47:15,001 [INFO] [data_loader]  scanned 165000/1000000 ...
2025-08-29 15:47:43,462 [INFO] [data_check]  scanned 170000/1000000 ...
2025-08-29 15:47:43,462 [INFO] [data_loader]  scanned 170000/1000000 ...
2025-08-29 15:48:11,965 [INFO] [data_check]  scanned 175000/1000000 ...
2025-08-29 15:48:11,965 [INFO] [data_loader]  scanned 175000/1000000 ...
2025-08-29 15:48:40,738 [INFO] [data_check]  scanned 180000/1000000 ...
2025-08-29 15:48:40,738 [INFO] [data_loader]  scanned 180000/1000000 ...
2025-08-29 15:49:08,918 [INFO] [data_check]  scanned 185000/1000000 ...
2025-08-29 15:49:08,918 [INFO] [data_loader]  scanned 185000/1000000 ...
2025-08-29 15:49:37,699 [INFO] [data_check]  scanned 190000/1000000 ...
2025-08-29 15:49:37,699 [INFO] [data_loader]  scanned 190000/1000000 ...
2025-08-29 15:50:06,437 [INFO] [data_check]  scanned 195000/1000000 ...
2025-08-29 15:50:06,437 [INFO] [data_loader]  scanned 195000/1000000 ...
2025-08-29 15:50:34,499 [INFO] [data_check]  scanned 200000/1000000 ...
2025-08-29 15:50:34,499 [INFO] [data_loader]  scanned 200000/1000000 ...
2025-08-29 15:51:03,325 [INFO] [data_check]  scanned 205000/1000000 ...
2025-08-29 15:51:03,325 [INFO] [data_loader]  scanned 205000/1000000 ...
2025-08-29 15:51:31,214 [INFO] [data_check]  scanned 210000/1000000 ...
2025-08-29 15:51:31,214 [INFO] [data_loader]  scanned 210000/1000000 ...
2025-08-29 15:51:59,602 [INFO] [data_check]  scanned 215000/1000000 ...
2025-08-29 15:51:59,602 [INFO] [data_loader]  scanned 215000/1000000 ...
2025-08-29 15:52:28,337 [INFO] [data_check]  scanned 220000/1000000 ...
2025-08-29 15:52:28,337 [INFO] [data_loader]  scanned 220000/1000000 ...
2025-08-29 15:52:57,008 [INFO] [data_check]  scanned 225000/1000000 ...
2025-08-29 15:52:57,008 [INFO] [data_loader]  scanned 225000/1000000 ...
2025-08-29 15:53:25,618 [INFO] [data_check]  scanned 230000/1000000 ...
2025-08-29 15:53:25,618 [INFO] [data_loader]  scanned 230000/1000000 ...
2025-08-29 15:53:54,380 [INFO] [data_check]  scanned 235000/1000000 ...
2025-08-29 15:53:54,380 [INFO] [data_loader]  scanned 235000/1000000 ...
2025-08-29 15:54:22,565 [INFO] [data_check]  scanned 240000/1000000 ...
2025-08-29 15:54:22,565 [INFO] [data_loader]  scanned 240000/1000000 ...
2025-08-29 15:54:50,490 [INFO] [data_check]  scanned 245000/1000000 ...
2025-08-29 15:54:50,490 [INFO] [data_loader]  scanned 245000/1000000 ...
2025-08-29 15:55:18,327 [INFO] [data_check]  scanned 250000/1000000 ...
2025-08-29 15:55:18,327 [INFO] [data_loader]  scanned 250000/1000000 ...
2025-08-29 15:55:46,627 [INFO] [data_check]  scanned 255000/1000000 ...
2025-08-29 15:55:46,627 [INFO] [data_loader]  scanned 255000/1000000 ...
2025-08-29 15:56:14,920 [INFO] [data_check]  scanned 260000/1000000 ...
2025-08-29 15:56:14,920 [INFO] [data_loader]  scanned 260000/1000000 ...
2025-08-29 15:56:43,509 [INFO] [data_check]  scanned 265000/1000000 ...
2025-08-29 15:56:43,509 [INFO] [data_loader]  scanned 265000/1000000 ...
2025-08-29 15:57:11,145 [INFO] [data_check]  scanned 270000/1000000 ...
2025-08-29 15:57:11,145 [INFO] [data_loader]  scanned 270000/1000000 ...
2025-08-29 15:57:39,031 [INFO] [data_check]  scanned 275000/1000000 ...
2025-08-29 15:57:39,031 [INFO] [data_loader]  scanned 275000/1000000 ...
2025-08-29 15:58:06,789 [INFO] [data_check]  scanned 280000/1000000 ...
2025-08-29 15:58:06,789 [INFO] [data_loader]  scanned 280000/1000000 ...
2025-08-29 15:58:35,135 [INFO] [data_check]  scanned 285000/1000000 ...
2025-08-29 15:58:35,135 [INFO] [data_loader]  scanned 285000/1000000 ...
2025-08-29 15:59:02,995 [INFO] [data_check]  scanned 290000/1000000 ...
2025-08-29 15:59:02,995 [INFO] [data_loader]  scanned 290000/1000000 ...
2025-08-29 15:59:30,777 [INFO] [data_check]  scanned 295000/1000000 ...
2025-08-29 15:59:30,777 [INFO] [data_loader]  scanned 295000/1000000 ...
2025-08-29 15:59:59,669 [INFO] [data_check]  scanned 300000/1000000 ...
2025-08-29 15:59:59,669 [INFO] [data_loader]  scanned 300000/1000000 ...
2025-08-29 16:00:28,378 [INFO] [data_check]  scanned 305000/1000000 ...
2025-08-29 16:00:28,378 [INFO] [data_loader]  scanned 305000/1000000 ...
2025-08-29 16:00:56,519 [INFO] [data_check]  scanned 310000/1000000 ...
2025-08-29 16:00:56,519 [INFO] [data_loader]  scanned 310000/1000000 ...
2025-08-29 16:01:24,660 [INFO] [data_check]  scanned 315000/1000000 ...
2025-08-29 16:01:24,660 [INFO] [data_loader]  scanned 315000/1000000 ...
2025-08-29 16:01:52,857 [INFO] [data_check]  scanned 320000/1000000 ...
2025-08-29 16:01:52,857 [INFO] [data_loader]  scanned 320000/1000000 ...
2025-08-29 16:02:20,699 [INFO] [data_check]  scanned 325000/1000000 ...
2025-08-29 16:02:20,699 [INFO] [data_loader]  scanned 325000/1000000 ...
2025-08-29 16:02:48,978 [INFO] [data_check]  scanned 330000/1000000 ...
2025-08-29 16:02:48,978 [INFO] [data_loader]  scanned 330000/1000000 ...
2025-08-29 16:03:16,592 [INFO] [data_check]  scanned 335000/1000000 ...
2025-08-29 16:03:16,592 [INFO] [data_loader]  scanned 335000/1000000 ...
2025-08-29 16:03:44,709 [INFO] [data_check]  scanned 340000/1000000 ...
2025-08-29 16:03:44,709 [INFO] [data_loader]  scanned 340000/1000000 ...
2025-08-29 16:04:12,765 [INFO] [data_check]  scanned 345000/1000000 ...
2025-08-29 16:04:12,765 [INFO] [data_loader]  scanned 345000/1000000 ...
2025-08-29 16:04:39,845 [INFO] [data_check]  scanned 350000/1000000 ...
2025-08-29 16:04:39,845 [INFO] [data_loader]  scanned 350000/1000000 ...
2025-08-29 16:05:07,660 [INFO] [data_check]  scanned 355000/1000000 ...
2025-08-29 16:05:07,660 [INFO] [data_loader]  scanned 355000/1000000 ...
2025-08-29 16:05:34,976 [INFO] [data_check]  scanned 360000/1000000 ...
2025-08-29 16:05:34,976 [INFO] [data_loader]  scanned 360000/1000000 ...
2025-08-29 16:06:03,103 [INFO] [data_check]  scanned 365000/1000000 ...
2025-08-29 16:06:03,103 [INFO] [data_loader]  scanned 365000/1000000 ...
2025-08-29 16:06:29,767 [INFO] [data_check]  scanned 370000/1000000 ...
2025-08-29 16:06:29,767 [INFO] [data_loader]  scanned 370000/1000000 ...
2025-08-29 16:06:56,396 [INFO] [data_check]  scanned 375000/1000000 ...
2025-08-29 16:06:56,396 [INFO] [data_loader]  scanned 375000/1000000 ...
2025-08-29 16:07:24,529 [INFO] [data_check]  scanned 380000/1000000 ...
2025-08-29 16:07:24,529 [INFO] [data_loader]  scanned 380000/1000000 ...
2025-08-29 16:07:52,329 [INFO] [data_check]  scanned 385000/1000000 ...
2025-08-29 16:07:52,329 [INFO] [data_loader]  scanned 385000/1000000 ...
2025-08-29 16:08:20,388 [INFO] [data_check]  scanned 390000/1000000 ...
2025-08-29 16:08:20,388 [INFO] [data_loader]  scanned 390000/1000000 ...
2025-08-29 16:08:48,137 [INFO] [data_check]  scanned 395000/1000000 ...
2025-08-29 16:08:48,137 [INFO] [data_loader]  scanned 395000/1000000 ...
2025-08-29 16:09:15,933 [INFO] [data_check]  scanned 400000/1000000 ...
2025-08-29 16:09:15,933 [INFO] [data_loader]  scanned 400000/1000000 ...
2025-08-29 16:09:43,954 [INFO] [data_check]  scanned 405000/1000000 ...
2025-08-29 16:09:43,954 [INFO] [data_loader]  scanned 405000/1000000 ...
2025-08-29 16:10:12,447 [INFO] [data_check]  scanned 410000/1000000 ...
2025-08-29 16:10:12,447 [INFO] [data_loader]  scanned 410000/1000000 ...
2025-08-29 16:10:40,825 [INFO] [data_check]  scanned 415000/1000000 ...
2025-08-29 16:10:40,825 [INFO] [data_loader]  scanned 415000/1000000 ...
2025-08-29 16:11:09,274 [INFO] [data_check]  scanned 420000/1000000 ...
2025-08-29 16:11:09,274 [INFO] [data_loader]  scanned 420000/1000000 ...
2025-08-29 16:11:37,376 [INFO] [data_check]  scanned 425000/1000000 ...
2025-08-29 16:11:37,376 [INFO] [data_loader]  scanned 425000/1000000 ...
2025-08-29 16:12:06,012 [INFO] [data_check]  scanned 430000/1000000 ...
2025-08-29 16:12:06,012 [INFO] [data_loader]  scanned 430000/1000000 ...
2025-08-29 16:12:34,571 [INFO] [data_check]  scanned 435000/1000000 ...
2025-08-29 16:12:34,571 [INFO] [data_loader]  scanned 435000/1000000 ...
2025-08-29 16:13:02,973 [INFO] [data_check]  scanned 440000/1000000 ...
2025-08-29 16:13:02,973 [INFO] [data_loader]  scanned 440000/1000000 ...
2025-08-29 16:13:29,604 [INFO] [data_check]  scanned 445000/1000000 ...
2025-08-29 16:13:29,604 [INFO] [data_loader]  scanned 445000/1000000 ...
2025-08-29 16:13:57,617 [INFO] [data_check]  scanned 450000/1000000 ...
2025-08-29 16:13:57,617 [INFO] [data_loader]  scanned 450000/1000000 ...
2025-08-29 16:14:24,707 [INFO] [data_check]  scanned 455000/1000000 ...
2025-08-29 16:14:24,707 [INFO] [data_loader]  scanned 455000/1000000 ...
2025-08-29 16:14:53,055 [INFO] [data_check]  scanned 460000/1000000 ...
2025-08-29 16:14:53,055 [INFO] [data_loader]  scanned 460000/1000000 ...
2025-08-29 16:15:21,243 [INFO] [data_check]  scanned 465000/1000000 ...
2025-08-29 16:15:21,243 [INFO] [data_loader]  scanned 465000/1000000 ...
2025-08-29 16:15:49,814 [INFO] [data_check]  scanned 470000/1000000 ...
2025-08-29 16:15:49,814 [INFO] [data_loader]  scanned 470000/1000000 ...
2025-08-29 16:16:18,368 [INFO] [data_check]  scanned 475000/1000000 ...
2025-08-29 16:16:18,368 [INFO] [data_loader]  scanned 475000/1000000 ...
2025-08-29 16:16:46,958 [INFO] [data_check]  scanned 480000/1000000 ...
2025-08-29 16:16:46,958 [INFO] [data_loader]  scanned 480000/1000000 ...
2025-08-29 16:17:15,186 [INFO] [data_check]  scanned 485000/1000000 ...
2025-08-29 16:17:15,186 [INFO] [data_loader]  scanned 485000/1000000 ...
2025-08-29 16:17:43,498 [INFO] [data_check]  scanned 490000/1000000 ...
2025-08-29 16:17:43,498 [INFO] [data_loader]  scanned 490000/1000000 ...
2025-08-29 16:18:11,037 [INFO] [data_check]  scanned 495000/1000000 ...
2025-08-29 16:18:11,037 [INFO] [data_loader]  scanned 495000/1000000 ...
2025-08-29 16:18:38,295 [INFO] [data_check]  scanned 500000/1000000 ...
2025-08-29 16:18:38,295 [INFO] [data_loader]  scanned 500000/1000000 ...
2025-08-29 16:19:05,711 [INFO] [data_check]  scanned 505000/1000000 ...
2025-08-29 16:19:05,711 [INFO] [data_loader]  scanned 505000/1000000 ...
2025-08-29 16:19:33,125 [INFO] [data_check]  scanned 510000/1000000 ...
2025-08-29 16:19:33,125 [INFO] [data_loader]  scanned 510000/1000000 ...
2025-08-29 16:20:00,603 [INFO] [data_check]  scanned 515000/1000000 ...
2025-08-29 16:20:00,603 [INFO] [data_loader]  scanned 515000/1000000 ...
2025-08-29 16:20:27,998 [INFO] [data_check]  scanned 520000/1000000 ...
2025-08-29 16:20:27,998 [INFO] [data_loader]  scanned 520000/1000000 ...
2025-08-29 16:20:56,021 [INFO] [data_check]  scanned 525000/1000000 ...
2025-08-29 16:20:56,021 [INFO] [data_loader]  scanned 525000/1000000 ...
2025-08-29 16:21:22,915 [INFO] [data_check]  scanned 530000/1000000 ...
2025-08-29 16:21:22,915 [INFO] [data_loader]  scanned 530000/1000000 ...
2025-08-29 16:21:50,934 [INFO] [data_check]  scanned 535000/1000000 ...
2025-08-29 16:21:50,934 [INFO] [data_loader]  scanned 535000/1000000 ...
2025-08-29 16:22:18,510 [INFO] [data_check]  scanned 540000/1000000 ...
2025-08-29 16:22:18,510 [INFO] [data_loader]  scanned 540000/1000000 ...
2025-08-29 16:22:46,505 [INFO] [data_check]  scanned 545000/1000000 ...
2025-08-29 16:22:46,505 [INFO] [data_loader]  scanned 545000/1000000 ...
2025-08-29 16:23:14,386 [INFO] [data_check]  scanned 550000/1000000 ...
2025-08-29 16:23:14,386 [INFO] [data_loader]  scanned 550000/1000000 ...
2025-08-29 16:23:42,016 [INFO] [data_check]  scanned 555000/1000000 ...
2025-08-29 16:23:42,016 [INFO] [data_loader]  scanned 555000/1000000 ...
2025-08-29 16:24:09,234 [INFO] [data_check]  scanned 560000/1000000 ...
2025-08-29 16:24:09,234 [INFO] [data_loader]  scanned 560000/1000000 ...
2025-08-29 16:24:36,528 [INFO] [data_check]  scanned 565000/1000000 ...
2025-08-29 16:24:36,528 [INFO] [data_loader]  scanned 565000/1000000 ...
2025-08-29 16:25:03,186 [INFO] [data_check]  scanned 570000/1000000 ...
2025-08-29 16:25:03,186 [INFO] [data_loader]  scanned 570000/1000000 ...
2025-08-29 16:25:30,570 [INFO] [data_check]  scanned 575000/1000000 ...
2025-08-29 16:25:30,570 [INFO] [data_loader]  scanned 575000/1000000 ...
2025-08-29 16:25:58,557 [INFO] [data_check]  scanned 580000/1000000 ...
2025-08-29 16:25:58,557 [INFO] [data_loader]  scanned 580000/1000000 ...
2025-08-29 16:26:26,808 [INFO] [data_check]  scanned 585000/1000000 ...
2025-08-29 16:26:26,808 [INFO] [data_loader]  scanned 585000/1000000 ...
2025-08-29 16:26:54,114 [INFO] [data_check]  scanned 590000/1000000 ...
2025-08-29 16:26:54,114 [INFO] [data_loader]  scanned 590000/1000000 ...
2025-08-29 16:27:21,712 [INFO] [data_check]  scanned 595000/1000000 ...
2025-08-29 16:27:21,712 [INFO] [data_loader]  scanned 595000/1000000 ...
2025-08-29 16:27:49,812 [INFO] [data_check]  scanned 600000/1000000 ...
2025-08-29 16:27:49,812 [INFO] [data_loader]  scanned 600000/1000000 ...
2025-08-29 16:28:17,262 [INFO] [data_check]  scanned 605000/1000000 ...
2025-08-29 16:28:17,262 [INFO] [data_loader]  scanned 605000/1000000 ...
2025-08-29 16:28:45,121 [INFO] [data_check]  scanned 610000/1000000 ...
2025-08-29 16:28:45,121 [INFO] [data_loader]  scanned 610000/1000000 ...
2025-08-29 16:29:12,508 [INFO] [data_check]  scanned 615000/1000000 ...
2025-08-29 16:29:12,508 [INFO] [data_loader]  scanned 615000/1000000 ...
2025-08-29 16:29:39,484 [INFO] [data_check]  scanned 620000/1000000 ...
2025-08-29 16:29:39,484 [INFO] [data_loader]  scanned 620000/1000000 ...
2025-08-29 16:30:07,967 [INFO] [data_check]  scanned 625000/1000000 ...
2025-08-29 16:30:07,967 [INFO] [data_loader]  scanned 625000/1000000 ...
2025-08-29 16:30:36,469 [INFO] [data_check]  scanned 630000/1000000 ...
2025-08-29 16:30:36,469 [INFO] [data_loader]  scanned 630000/1000000 ...
2025-08-29 16:31:04,913 [INFO] [data_check]  scanned 635000/1000000 ...
2025-08-29 16:31:04,913 [INFO] [data_loader]  scanned 635000/1000000 ...
2025-08-29 16:31:32,788 [INFO] [data_check]  scanned 640000/1000000 ...
2025-08-29 16:31:32,788 [INFO] [data_loader]  scanned 640000/1000000 ...
2025-08-29 16:32:01,166 [INFO] [data_check]  scanned 645000/1000000 ...
2025-08-29 16:32:01,166 [INFO] [data_loader]  scanned 645000/1000000 ...
2025-08-29 16:32:29,397 [INFO] [data_check]  scanned 650000/1000000 ...
2025-08-29 16:32:29,397 [INFO] [data_loader]  scanned 650000/1000000 ...
2025-08-29 16:32:57,467 [INFO] [data_check]  scanned 655000/1000000 ...
2025-08-29 16:32:57,467 [INFO] [data_loader]  scanned 655000/1000000 ...
2025-08-29 16:33:25,375 [INFO] [data_check]  scanned 660000/1000000 ...
2025-08-29 16:33:25,375 [INFO] [data_loader]  scanned 660000/1000000 ...
2025-08-29 16:33:52,734 [INFO] [data_check]  scanned 665000/1000000 ...
2025-08-29 16:33:52,734 [INFO] [data_loader]  scanned 665000/1000000 ...
2025-08-29 16:34:20,100 [INFO] [data_check]  scanned 670000/1000000 ...
2025-08-29 16:34:20,100 [INFO] [data_loader]  scanned 670000/1000000 ...
2025-08-29 16:34:47,953 [INFO] [data_check]  scanned 675000/1000000 ...
2025-08-29 16:34:47,953 [INFO] [data_loader]  scanned 675000/1000000 ...
2025-08-29 16:35:15,282 [INFO] [data_check]  scanned 680000/1000000 ...
2025-08-29 16:35:15,282 [INFO] [data_loader]  scanned 680000/1000000 ...
2025-08-29 16:35:42,868 [INFO] [data_check]  scanned 685000/1000000 ...
2025-08-29 16:35:42,868 [INFO] [data_loader]  scanned 685000/1000000 ...
2025-08-29 16:36:10,305 [INFO] [data_check]  scanned 690000/1000000 ...
2025-08-29 16:36:10,305 [INFO] [data_loader]  scanned 690000/1000000 ...
2025-08-29 16:36:38,160 [INFO] [data_check]  scanned 695000/1000000 ...
2025-08-29 16:36:38,160 [INFO] [data_loader]  scanned 695000/1000000 ...
2025-08-29 16:37:06,141 [INFO] [data_check]  scanned 700000/1000000 ...
2025-08-29 16:37:06,141 [INFO] [data_loader]  scanned 700000/1000000 ...
2025-08-29 16:37:34,164 [INFO] [data_check]  scanned 705000/1000000 ...
2025-08-29 16:37:34,164 [INFO] [data_loader]  scanned 705000/1000000 ...
2025-08-29 16:38:02,475 [INFO] [data_check]  scanned 710000/1000000 ...
2025-08-29 16:38:02,475 [INFO] [data_loader]  scanned 710000/1000000 ...
2025-08-29 16:38:30,944 [INFO] [data_check]  scanned 715000/1000000 ...
2025-08-29 16:38:30,944 [INFO] [data_loader]  scanned 715000/1000000 ...
2025-08-29 16:38:59,394 [INFO] [data_check]  scanned 720000/1000000 ...
2025-08-29 16:38:59,394 [INFO] [data_loader]  scanned 720000/1000000 ...
2025-08-29 16:39:27,487 [INFO] [data_check]  scanned 725000/1000000 ...
2025-08-29 16:39:27,487 [INFO] [data_loader]  scanned 725000/1000000 ...
2025-08-29 16:39:54,794 [INFO] [data_check]  scanned 730000/1000000 ...
2025-08-29 16:39:54,794 [INFO] [data_loader]  scanned 730000/1000000 ...
2025-08-29 16:40:21,930 [INFO] [data_check]  scanned 735000/1000000 ...
2025-08-29 16:40:21,930 [INFO] [data_loader]  scanned 735000/1000000 ...
2025-08-29 16:40:49,358 [INFO] [data_check]  scanned 740000/1000000 ...
2025-08-29 16:40:49,358 [INFO] [data_loader]  scanned 740000/1000000 ...
2025-08-29 16:41:16,994 [INFO] [data_check]  scanned 745000/1000000 ...
2025-08-29 16:41:16,994 [INFO] [data_loader]  scanned 745000/1000000 ...
2025-08-29 16:41:45,110 [INFO] [data_check]  scanned 750000/1000000 ...
2025-08-29 16:41:45,110 [INFO] [data_loader]  scanned 750000/1000000 ...
2025-08-29 16:42:13,457 [INFO] [data_check]  scanned 755000/1000000 ...
2025-08-29 16:42:13,457 [INFO] [data_loader]  scanned 755000/1000000 ...
2025-08-29 16:42:42,051 [INFO] [data_check]  scanned 760000/1000000 ...
2025-08-29 16:42:42,051 [INFO] [data_loader]  scanned 760000/1000000 ...
2025-08-29 16:43:10,577 [INFO] [data_check]  scanned 765000/1000000 ...
2025-08-29 16:43:10,577 [INFO] [data_loader]  scanned 765000/1000000 ...
2025-08-29 16:43:39,009 [INFO] [data_check]  scanned 770000/1000000 ...
2025-08-29 16:43:39,009 [INFO] [data_loader]  scanned 770000/1000000 ...
2025-08-29 16:44:07,499 [INFO] [data_check]  scanned 775000/1000000 ...
2025-08-29 16:44:07,499 [INFO] [data_loader]  scanned 775000/1000000 ...
2025-08-29 16:44:35,870 [INFO] [data_check]  scanned 780000/1000000 ...
2025-08-29 16:44:35,870 [INFO] [data_loader]  scanned 780000/1000000 ...
2025-08-29 16:45:04,270 [INFO] [data_check]  scanned 785000/1000000 ...
2025-08-29 16:45:04,270 [INFO] [data_loader]  scanned 785000/1000000 ...
2025-08-29 16:45:32,116 [INFO] [data_check]  scanned 790000/1000000 ...
2025-08-29 16:45:32,116 [INFO] [data_loader]  scanned 790000/1000000 ...
2025-08-29 16:46:00,320 [INFO] [data_check]  scanned 795000/1000000 ...
2025-08-29 16:46:00,320 [INFO] [data_loader]  scanned 795000/1000000 ...
2025-08-29 16:46:28,589 [INFO] [data_check]  scanned 800000/1000000 ...
2025-08-29 16:46:28,589 [INFO] [data_loader]  scanned 800000/1000000 ...
2025-08-29 16:46:56,969 [INFO] [data_check]  scanned 805000/1000000 ...
2025-08-29 16:46:56,969 [INFO] [data_loader]  scanned 805000/1000000 ...
2025-08-29 16:47:25,531 [INFO] [data_check]  scanned 810000/1000000 ...
2025-08-29 16:47:25,531 [INFO] [data_loader]  scanned 810000/1000000 ...
2025-08-29 16:47:53,972 [INFO] [data_check]  scanned 815000/1000000 ...
2025-08-29 16:47:53,972 [INFO] [data_loader]  scanned 815000/1000000 ...
2025-08-29 16:48:22,439 [INFO] [data_check]  scanned 820000/1000000 ...
2025-08-29 16:48:22,439 [INFO] [data_loader]  scanned 820000/1000000 ...
2025-08-29 16:48:50,727 [INFO] [data_check]  scanned 825000/1000000 ...
2025-08-29 16:48:50,727 [INFO] [data_loader]  scanned 825000/1000000 ...
2025-08-29 16:49:19,126 [INFO] [data_check]  scanned 830000/1000000 ...
2025-08-29 16:49:19,126 [INFO] [data_loader]  scanned 830000/1000000 ...
2025-08-29 16:49:47,644 [INFO] [data_check]  scanned 835000/1000000 ...
2025-08-29 16:49:47,644 [INFO] [data_loader]  scanned 835000/1000000 ...
2025-08-29 16:50:16,021 [INFO] [data_check]  scanned 840000/1000000 ...
2025-08-29 16:50:16,021 [INFO] [data_loader]  scanned 840000/1000000 ...
2025-08-29 16:50:44,222 [INFO] [data_check]  scanned 845000/1000000 ...
2025-08-29 16:50:44,222 [INFO] [data_loader]  scanned 845000/1000000 ...
2025-08-29 16:51:12,076 [INFO] [data_check]  scanned 850000/1000000 ...
2025-08-29 16:51:12,076 [INFO] [data_loader]  scanned 850000/1000000 ...
2025-08-29 16:51:40,654 [INFO] [data_check]  scanned 855000/1000000 ...
2025-08-29 16:51:40,654 [INFO] [data_loader]  scanned 855000/1000000 ...
2025-08-29 16:52:09,086 [INFO] [data_check]  scanned 860000/1000000 ...
2025-08-29 16:52:09,086 [INFO] [data_loader]  scanned 860000/1000000 ...
2025-08-29 16:52:37,463 [INFO] [data_check]  scanned 865000/1000000 ...
2025-08-29 16:52:37,463 [INFO] [data_loader]  scanned 865000/1000000 ...
2025-08-29 16:53:05,465 [INFO] [data_check]  scanned 870000/1000000 ...
2025-08-29 16:53:05,465 [INFO] [data_loader]  scanned 870000/1000000 ...
2025-08-29 16:55:25,083 [INFO] [data_check]  scanned 875000/1000000 ...
2025-08-29 16:55:25,083 [INFO] [data_loader]  scanned 875000/1000000 ...
2025-08-29 16:55:53,028 [INFO] [data_check]  scanned 880000/1000000 ...
2025-08-29 16:55:53,028 [INFO] [data_loader]  scanned 880000/1000000 ...
2025-08-29 16:56:20,584 [INFO] [data_check]  scanned 885000/1000000 ...
2025-08-29 16:56:20,584 [INFO] [data_loader]  scanned 885000/1000000 ...
2025-08-29 16:56:48,625 [INFO] [data_check]  scanned 890000/1000000 ...
2025-08-29 16:56:48,625 [INFO] [data_loader]  scanned 890000/1000000 ...
2025-08-29 16:57:15,936 [INFO] [data_check]  scanned 895000/1000000 ...
2025-08-29 16:57:15,936 [INFO] [data_loader]  scanned 895000/1000000 ...
2025-08-29 16:57:43,669 [INFO] [data_check]  scanned 900000/1000000 ...
2025-08-29 16:57:43,669 [INFO] [data_loader]  scanned 900000/1000000 ...
2025-08-29 16:58:11,375 [INFO] [data_check]  scanned 905000/1000000 ...
2025-08-29 16:58:11,375 [INFO] [data_loader]  scanned 905000/1000000 ...
2025-08-29 16:58:39,167 [INFO] [data_check]  scanned 910000/1000000 ...
2025-08-29 16:58:39,167 [INFO] [data_loader]  scanned 910000/1000000 ...
2025-08-29 16:59:06,847 [INFO] [data_check]  scanned 915000/1000000 ...
2025-08-29 16:59:06,847 [INFO] [data_loader]  scanned 915000/1000000 ...
2025-08-29 16:59:35,029 [INFO] [data_check]  scanned 920000/1000000 ...
2025-08-29 16:59:35,029 [INFO] [data_loader]  scanned 920000/1000000 ...
2025-08-29 17:00:03,227 [INFO] [data_check]  scanned 925000/1000000 ...
2025-08-29 17:00:03,227 [INFO] [data_loader]  scanned 925000/1000000 ...
2025-08-29 17:00:31,097 [INFO] [data_check]  scanned 930000/1000000 ...
2025-08-29 17:00:31,097 [INFO] [data_loader]  scanned 930000/1000000 ...
2025-08-29 17:02:37,872 [INFO] [data_check]  scanned 935000/1000000 ...
2025-08-29 17:02:37,872 [INFO] [data_loader]  scanned 935000/1000000 ...
2025-08-29 17:03:06,884 [INFO] [data_check]  scanned 940000/1000000 ...
2025-08-29 17:03:06,884 [INFO] [data_loader]  scanned 940000/1000000 ...
2025-08-29 17:03:34,509 [INFO] [data_check]  scanned 945000/1000000 ...
2025-08-29 17:03:34,509 [INFO] [data_loader]  scanned 945000/1000000 ...
2025-08-29 17:04:03,021 [INFO] [data_check]  scanned 950000/1000000 ...
2025-08-29 17:04:03,021 [INFO] [data_loader]  scanned 950000/1000000 ...
2025-08-29 17:04:30,844 [INFO] [data_check]  scanned 955000/1000000 ...
2025-08-29 17:04:30,844 [INFO] [data_loader]  scanned 955000/1000000 ...
2025-08-29 17:04:58,883 [INFO] [data_check]  scanned 960000/1000000 ...
2025-08-29 17:04:58,883 [INFO] [data_loader]  scanned 960000/1000000 ...
2025-08-29 17:05:26,965 [INFO] [data_check]  scanned 965000/1000000 ...
2025-08-29 17:05:26,965 [INFO] [data_loader]  scanned 965000/1000000 ...
2025-08-29 17:05:54,891 [INFO] [data_check]  scanned 970000/1000000 ...
2025-08-29 17:05:54,891 [INFO] [data_loader]  scanned 970000/1000000 ...
2025-08-29 17:06:22,128 [INFO] [data_check]  scanned 975000/1000000 ...
2025-08-29 17:06:22,128 [INFO] [data_loader]  scanned 975000/1000000 ...
2025-08-29 17:06:49,652 [INFO] [data_check]  scanned 980000/1000000 ...
2025-08-29 17:06:49,652 [INFO] [data_loader]  scanned 980000/1000000 ...
2025-08-29 17:07:16,538 [INFO] [data_check]  scanned 985000/1000000 ...
2025-08-29 17:07:16,538 [INFO] [data_loader]  scanned 985000/1000000 ...
2025-08-29 17:07:43,491 [INFO] [data_check]  scanned 990000/1000000 ...
2025-08-29 17:07:43,491 [INFO] [data_loader]  scanned 990000/1000000 ...
2025-08-29 17:08:11,672 [INFO] [data_check]  scanned 995000/1000000 ...
2025-08-29 17:08:11,672 [INFO] [data_loader]  scanned 995000/1000000 ...
2025-08-29 17:08:39,594 [INFO] [data_check]  scanned 1000000/1000000 ...
2025-08-29 17:08:39,594 [INFO] [data_loader]  scanned 1000000/1000000 ...
2025-08-29 17:08:39,661 [INFO] [data_check] Bad files found: 2 → /caefs/user/mmingyeong/2508_slchallence/tune/_data_check/bad_files.txt
2025-08-29 17:08:39,661 [INFO] [data_loader] Bad files found: 2 → /caefs/user/mmingyeong/2508_slchallence/tune/_data_check/bad_files.txt
2025-08-29 17:08:39,661 [INFO] [data_check] === Building splits via get_dataloaders ===
2025-08-29 17:08:39,661 [INFO] [data_loader] === Building splits via get_dataloaders ===
2025-08-29 17:08:40,622 [INFO] [data_loader] Collected 250000 from 'slsim_lenses' (/caefs/data/IllustrisTNG/slchallenge/slsim_lenses/slsim_lenses), label=1, domain=slsim
2025-08-29 17:08:41,658 [INFO] [data_loader] Collected 250000 from 'slsim_nonlenses' (/caefs/data/IllustrisTNG/slchallenge/slsim_nonlenses/slsim_nonlenses), label=0, domain=slsim
2025-08-29 17:08:42,602 [INFO] [data_loader] Collected 250000 from 'hsc_lenses' (/caefs/data/IllustrisTNG/slchallenge/hsc_lenses/hsc_lenses), label=1, domain=hsc
2025-08-29 17:08:43,602 [INFO] [data_loader] Collected 250000 from 'hsc_nonlenses' (/caefs/data/IllustrisTNG/slchallenge/hsc_nonlenses/hsc_nonlenses), label=0, domain=hsc
2025-08-29 17:08:43,602 [INFO] [data_loader] TOTAL files collected: 1000000
2025-08-29 17:08:44,512 [INFO] [data_loader] Dataset: N=699999 | lens=350000 | nonlens=349999 | augment=False
2025-08-29 17:08:44,517 [INFO] [data_loader] Dataset: N=150000 | lens=75000 | nonlens=75000 | augment=False
2025-08-29 17:08:44,523 [INFO] [data_loader] Dataset: N=150001 | lens=75000 | nonlens=75001 | augment=False
2025-08-29 17:08:44,523 [INFO] [data_loader] Split | Train=699999 | Val=150000 | Test=150001 | batch=128
2025-08-29 17:08:44,599 [INFO] [data_check] [train] N=699999 | labels={1: 350000, 0: 349999} | domains={'hsc': 349876, 'slsim': 350123}
2025-08-29 17:08:44,599 [INFO] [data_loader] [train] N=699999 | labels={1: 350000, 0: 349999} | domains={'hsc': 349876, 'slsim': 350123}
2025-08-29 17:08:44,611 [INFO] [data_check] [val] N=150000 | labels={0: 75000, 1: 75000} | domains={'hsc': 75109, 'slsim': 74891}
2025-08-29 17:08:44,611 [INFO] [data_loader] [val] N=150000 | labels={0: 75000, 1: 75000} | domains={'hsc': 75109, 'slsim': 74891}
2025-08-29 17:08:44,623 [INFO] [data_check] [test] N=150001 | labels={1: 75000, 0: 75001} | domains={'slsim': 74986, 'hsc': 75015}
2025-08-29 17:08:44,623 [INFO] [data_loader] [test] N=150001 | labels={1: 75000, 0: 75001} | domains={'slsim': 74986, 'hsc': 75015}
2025-08-29 17:08:44,649 [INFO] [data_check] Saved summary → /caefs/user/mmingyeong/2508_slchallence/tune/_data_check/summary.json
2025-08-29 17:08:44,649 [INFO] [data_loader] Saved summary → /caefs/user/mmingyeong/2508_slchallence/tune/_data_check/summary.json
2025-08-29 17:08:44,649 [INFO] [data_check] Done in 5845.1s.
2025-08-29 17:08:44,649 [INFO] [data_loader] Done in 5845.1s.
